<?xml version="1.0" encoding="UTF-8"?>
<!-- Generated by org.testng.reporters.JUnitXMLReporter -->
<testsuite ignored="0" hostname="SMsHP" failures="0" tests="3" name="Default test" time="12.357" errors="0" timestamp="17 Oct 2023 11:40:57 GMT">
  <testcase classname="com.Automation.demoProject.TestClass1" name="Test1" time="2.099"/>
  <testcase classname="com.Automation.demoProject.TestClass1" name="Test2" time="1.622"/>
  <testcase classname="com.Automation.demoProject.TestClass1" name="Test3" time="1.718"/>
</testsuite> <!-- Default test -->
