<?xml version="1.0" encoding="UTF-8"?>
<!-- Generated by org.testng.reporters.JUnitXMLReporter -->
<testsuite ignored="0" hostname="SMsHP" failures="0" tests="3" name="Test" time="10.823" errors="0" timestamp="17 Oct 2023 11:27:26 GMT">
  <testcase classname="com.Automation.demoProject.TestClass1" name="Test1" time="1.588"/>
  <testcase classname="com.Automation.demoProject.TestClass1" name="Test2" time="1.472"/>
  <testcase classname="com.Automation.demoProject.TestClass1" name="Test3" time="1.576"/>
</testsuite> <!-- Test -->
