<?xml version="1.0" encoding="UTF-8"?>
<testng-results ignored="0" total="3" passed="3" failed="0" skipped="0">
  <reporter-output>
  </reporter-output>
  <suite started-at="2023-10-17T11:27:15Z" name="Suite" finished-at="2023-10-17T11:27:26Z" duration-ms="10823">
    <groups>
    </groups>
    <test started-at="2023-10-17T11:27:15Z" name="Test" finished-at="2023-10-17T11:27:26Z" duration-ms="10823">
      <class name="com.Automation.demoProject.TestClass1">
        <test-method is-config="true" signature="launchDriver()[pri:0, instance:com.Automation.demoProject.TestClass1@106cc338]" started-at="2023-10-17T11:27:15Z" name="launchDriver" finished-at="2023-10-17T11:27:18Z" duration-ms="2477" status="PASS">
          <reporter-output>
          </reporter-output>
        </test-method> <!-- launchDriver -->
        <test-method signature="Test1()[pri:0, instance:com.Automation.demoProject.TestClass1@106cc338]" started-at="2023-10-17T11:27:18Z" name="Test1" finished-at="2023-10-17T11:27:19Z" duration-ms="1588" status="PASS">
          <reporter-output>
          </reporter-output>
        </test-method> <!-- Test1 -->
        <test-method is-config="true" signature="launchDriver()[pri:0, instance:com.Automation.demoProject.TestClass1@106cc338]" started-at="2023-10-17T11:27:19Z" name="launchDriver" finished-at="2023-10-17T11:27:21Z" duration-ms="1829" status="PASS">
          <reporter-output>
          </reporter-output>
        </test-method> <!-- launchDriver -->
        <test-method signature="Test2()[pri:0, instance:com.Automation.demoProject.TestClass1@106cc338]" started-at="2023-10-17T11:27:21Z" name="Test2" finished-at="2023-10-17T11:27:23Z" duration-ms="1472" status="PASS">
          <reporter-output>
          </reporter-output>
        </test-method> <!-- Test2 -->
        <test-method is-config="true" signature="launchDriver()[pri:0, instance:com.Automation.demoProject.TestClass1@106cc338]" started-at="2023-10-17T11:27:23Z" name="launchDriver" finished-at="2023-10-17T11:27:25Z" duration-ms="1842" status="PASS">
          <reporter-output>
          </reporter-output>
        </test-method> <!-- launchDriver -->
        <test-method signature="Test3()[pri:0, instance:com.Automation.demoProject.TestClass1@106cc338]" started-at="2023-10-17T11:27:25Z" name="Test3" finished-at="2023-10-17T11:27:26Z" duration-ms="1576" status="PASS">
          <reporter-output>
          </reporter-output>
        </test-method> <!-- Test3 -->
      </class> <!-- com.Automation.demoProject.TestClass1 -->
    </test> <!-- Test -->
  </suite> <!-- Suite -->
</testng-results>
