<?xml version="1.0" encoding="UTF-8"?>
<testng-results ignored="0" total="3" passed="3" failed="0" skipped="0">
  <reporter-output>
  </reporter-output>
  <suite started-at="2023-10-17T11:40:44Z" name="Default suite" finished-at="2023-10-17T11:40:57Z" duration-ms="12357">
    <groups>
    </groups>
    <test started-at="2023-10-17T11:40:44Z" name="Default test" finished-at="2023-10-17T11:40:57Z" duration-ms="12357">
      <class name="com.Automation.demoProject.TestClass1">
        <test-method is-config="true" signature="launchDriver()[pri:0, instance:com.Automation.demoProject.TestClass1@25aca718]" started-at="2023-10-17T11:40:44Z" name="launchDriver" finished-at="2023-10-17T11:40:47Z" duration-ms="2589" status="PASS">
          <reporter-output>
          </reporter-output>
        </test-method> <!-- launchDriver -->
        <test-method signature="Test1()[pri:0, instance:com.Automation.demoProject.TestClass1@25aca718]" started-at="2023-10-17T11:40:47Z" name="Test1" finished-at="2023-10-17T11:40:49Z" duration-ms="2099" status="PASS">
          <reporter-output>
          </reporter-output>
        </test-method> <!-- Test1 -->
        <test-method is-config="true" signature="quit()[pri:0, instance:com.Automation.demoProject.TestClass1@25aca718]" started-at="2023-10-17T11:40:49Z" name="quit" finished-at="2023-10-17T11:40:49Z" duration-ms="121" status="PASS">
          <reporter-output>
          </reporter-output>
        </test-method> <!-- quit -->
        <test-method is-config="true" signature="launchDriver()[pri:0, instance:com.Automation.demoProject.TestClass1@25aca718]" started-at="2023-10-17T11:40:49Z" name="launchDriver" finished-at="2023-10-17T11:40:51Z" duration-ms="1974" status="PASS">
          <reporter-output>
          </reporter-output>
        </test-method> <!-- launchDriver -->
        <test-method signature="Test2()[pri:0, instance:com.Automation.demoProject.TestClass1@25aca718]" started-at="2023-10-17T11:40:51Z" name="Test2" finished-at="2023-10-17T11:40:53Z" duration-ms="1622" status="PASS">
          <reporter-output>
          </reporter-output>
        </test-method> <!-- Test2 -->
        <test-method is-config="true" signature="quit()[pri:0, instance:com.Automation.demoProject.TestClass1@25aca718]" started-at="2023-10-17T11:40:53Z" name="quit" finished-at="2023-10-17T11:40:53Z" duration-ms="134" status="PASS">
          <reporter-output>
          </reporter-output>
        </test-method> <!-- quit -->
        <test-method is-config="true" signature="launchDriver()[pri:0, instance:com.Automation.demoProject.TestClass1@25aca718]" started-at="2023-10-17T11:40:53Z" name="launchDriver" finished-at="2023-10-17T11:40:55Z" duration-ms="1939" status="PASS">
          <reporter-output>
          </reporter-output>
        </test-method> <!-- launchDriver -->
        <test-method signature="Test3()[pri:0, instance:com.Automation.demoProject.TestClass1@25aca718]" started-at="2023-10-17T11:40:55Z" name="Test3" finished-at="2023-10-17T11:40:56Z" duration-ms="1718" status="PASS">
          <reporter-output>
          </reporter-output>
        </test-method> <!-- Test3 -->
        <test-method is-config="true" signature="quit()[pri:0, instance:com.Automation.demoProject.TestClass1@25aca718]" started-at="2023-10-17T11:40:56Z" name="quit" finished-at="2023-10-17T11:40:57Z" duration-ms="113" status="PASS">
          <reporter-output>
          </reporter-output>
        </test-method> <!-- quit -->
      </class> <!-- com.Automation.demoProject.TestClass1 -->
    </test> <!-- Default test -->
  </suite> <!-- Default suite -->
</testng-results>
